<?xml version="1.0" encoding="UTF-8"?>
<testsuite xmlns:xsi="http://www.w3.org/2001/XMLSchema-instance" xsi:noNamespaceSchemaLocation="https://maven.apache.org/surefire/maven-surefire-plugin/xsd/surefire-test-report-3.0.xsd" version="3.0" name="Runner.TestRunner" time="15.411" tests="4" errors="0" skipped="0" failures="0">
  <properties>
[...]
</properties>
  <testcase name="Given user on login page" classname="Scenario: Verify Home Page title of Rise portal" time="0.001"/>
  <testcase name="When user enters username and password and click submit button" classname="Scenario: Verify Home Page title of Rise portal" time="0"/>
  <testcase name="Then verify user is on home page" classname="Scenario: Verify Home Page title of Rise portal" time="0"/>
  <testcase name="Scenario: Verify Home Page title of Rise portal" classname="Scenario: Verify Home Page title of Rise portal" time="0.193"/>
</testsuite>